<?xml version="1.0" encoding="UTF-8"?>
<testng-results skipped="0" failed="0" ignored="0" total="2" passed="2">
  <reporter-output>
  </reporter-output>
  <suite name="com.github.redis.AppTest" duration-ms="80" started-at="2019-08-26T19:48:34 IST" finished-at="2019-08-26T19:48:34 IST">
    <groups>
    </groups>
    <test name="Command line test" duration-ms="80" started-at="2019-08-26T19:48:34 IST" finished-at="2019-08-26T19:48:34 IST">
      <class name="com.github.redis.AppTest">
        <test-method status="PASS" signature="testSetKeyAndValue()[pri:1, instance:com.github.redis.AppTest@3ffc5af1]" name="testSetKeyAndValue" duration-ms="23" started-at="2019-08-26T19:48:34 IST" finished-at="2019-08-26T19:48:34 IST">
          <reporter-output>
          </reporter-output>
        </test-method> <!-- testSetKeyAndValue -->
        <test-method status="PASS" signature="testGetValue()[pri:2, instance:com.github.redis.AppTest@3ffc5af1]" name="testGetValue" duration-ms="2" started-at="2019-08-26T19:48:34 IST" finished-at="2019-08-26T19:48:34 IST">
          <reporter-output>
          </reporter-output>
        </test-method> <!-- testGetValue -->
      </class> <!-- com.github.redis.AppTest -->
    </test> <!-- Command line test -->
  </suite> <!-- com.github.redis.AppTest -->
</testng-results>
